Change Component Designator: Old Designator=C1 New Designator=C32
Change Component Designator: Old Designator=C2 New Designator=C33
Change Component Designator: Old Designator=C2 New Designator=C34
Change Component Designator: Old Designator=C2 New Designator=C42
Change Component Designator: Old Designator=C3 New Designator=C35
Change Component Designator: Old Designator=C3 New Designator=C38
Change Component Designator: Old Designator=C3 New Designator=C43
Change Component Designator: Old Designator=C4 New Designator=C36
Change Component Designator: Old Designator=C4 New Designator=C39
Change Component Designator: Old Designator=C4 New Designator=C44
Change Component Designator: Old Designator=C4 New Designator=C47
Change Component Designator: Old Designator=C4 New Designator=C55
Change Component Designator: Old Designator=C5 New Designator=C37
Change Component Designator: Old Designator=C5 New Designator=C40
Change Component Designator: Old Designator=C5 New Designator=C45
Change Component Designator: Old Designator=C5 New Designator=C48
Change Component Designator: Old Designator=C5 New Designator=C51
Change Component Designator: Old Designator=C5 New Designator=C56
Change Component Designator: Old Designator=C5 New Designator=C59
Change Component Designator: Old Designator=C6 New Designator=C41
Change Component Designator: Old Designator=C6 New Designator=C46
Change Component Designator: Old Designator=C6 New Designator=C49
Change Component Designator: Old Designator=C6 New Designator=C52
Change Component Designator: Old Designator=C6 New Designator=C57
Change Component Designator: Old Designator=C6 New Designator=C60
Change Component Designator: Old Designator=C6 New Designator=C63
Change Component Designator: Old Designator=C7 New Designator=C50
Change Component Designator: Old Designator=C7 New Designator=C53
Change Component Designator: Old Designator=C7 New Designator=C58
Change Component Designator: Old Designator=C7 New Designator=C61
Change Component Designator: Old Designator=C7 New Designator=C64
Change Component Designator: Old Designator=C8 New Designator=C54
Change Component Designator: Old Designator=C8 New Designator=C62
Change Component Designator: Old Designator=C8 New Designator=C65
Change Component Designator: Old Designator=C9 New Designator=C66
Change Component Designator: Old Designator=D New Designator=D1
Change Component Designator: Old Designator=FB New Designator=FB2
Change Component Designator: Old Designator=J1 New Designator=J5
Change Component Designator: Old Designator=J2 New Designator=J4
Change Component Designator: Old Designator=R? New Designator=R48
Change Component Designator: Old Designator=R? New Designator=R49
Change Component Designator: Old Designator=R? New Designator=R50
Change Component Designator: Old Designator=R? New Designator=R51
Change Component Designator: Old Designator=U2 New Designator=U18
Change Component Designator: Old Designator=U5 New Designator=U13
Change Component Designator: Old Designator=U5 New Designator=U13
Change Component Designator: Old Designator=U5 New Designator=U13
Change Component Designator: Old Designator=Y? New Designator=Y1
