Added Component: Designator=C1(C0603)
Added Component: Designator=C2(C0603)
Added Component: Designator=C3(C0603)
Added Component: Designator=C4(C0603)
Added Component: Designator=C5(C0603)
Added Component: Designator=C6(C0603)
Added Component: Designator=C7(C0603)
Added Component: Designator=C8(C0603)
Added Component: Designator=C9(C0805)
Added Component: Designator=C10(C1206)
Added Component: Designator=C11(C0603)
Added Component: Designator=C12(C0805)
Added Component: Designator=C13(C1206)
Added Component: Designator=C14(C0603)
Added Component: Designator=C15(C0402)
Added Component: Designator=C16(C0805)
Added Component: Designator=C17(C0805)
Added Component: Designator=C18(C0603)
Added Component: Designator=C19(C0603)
Added Component: Designator=C20(C0603)
Added Component: Designator=C21(C1206)
Added Component: Designator=C22(C0603)
Added Component: Designator=C23(C0603)
Added Component: Designator=C24(C0603)
Added Component: Designator=C25(C0603)
Added Component: Designator=C26(C0603)
Added Component: Designator=C27(C0603)
Added Component: Designator=C28(C0603)
Added Component: Designator=C29(C0603)
Added Component: Designator=C30(C0603)
Added Component: Designator=C31(C0603)
Added Component: Designator=C32(C0603)
Added Component: Designator=C33(C0603)
Added Component: Designator=C34(C0603)
Added Component: Designator=C35(C0603)
Added Component: Designator=C36(C0603)
Added Component: Designator=C37(C0603)
Added Component: Designator=C38(C0603)
Added Component: Designator=C39(C0603)
Added Component: Designator=C40(C0603)
Added Component: Designator=C41(C0603)
Added Component: Designator=C42(C0603)
Added Component: Designator=C43(C0603)
Added Component: Designator=C44(C0603)
Added Component: Designator=C45(C0603)
Added Component: Designator=C46(C0603)
Added Component: Designator=C47(C0603)
Added Component: Designator=C48(C0603)
Added Component: Designator=C49(C0603)
Added Component: Designator=C50(C0603)
Added Component: Designator=C51(C0603)
Added Component: Designator=C52(C0603)
Added Component: Designator=C53(C0603)
Added Component: Designator=C54(C0603)
Added Component: Designator=C55(C0603)
Added Component: Designator=C56(C0603)
Added Component: Designator=C57(C0603)
Added Component: Designator=C58(C0603)
Added Component: Designator=C59(C0603)
Added Component: Designator=C60(C0603)
Added Component: Designator=C61(C0603)
Added Component: Designator=C62(C0603)
Added Component: Designator=C63(C0603)
Added Component: Designator=C64(C0603)
Added Component: Designator=C65(C0603)
Added Component: Designator=C66(C0603)
Added Component: Designator=D1(SOT-5X3)
Added Component: Designator=FB1(L0603)
Added Component: Designator=FB2(L0603)
Added Component: Designator=J1(FFC/SM0.5-2H12A)
Added Component: Designator=J2(FFC/SM0.5-2H12A)
Added Component: Designator=J3(JACK/6-V4A)
Added Component: Designator=J4(MHDR2X10)
Added Component: Designator=J5(USB-MICRO5)
Added Component: Designator=K1(BUTTON6)
Added Component: Designator=K2(BUTTON6)
Added Component: Designator=K3(BUTTON6)
Added Component: Designator=K4(BUTTON6)
Added Component: Designator=L1(L5.8X3.4)
Added Component: Designator=L2(L5.8X3.4)
Added Component: Designator=LED1(LED0603)
Added Component: Designator=LED2(LED1615)
Added Component: Designator=LED3(LED1615)
Added Component: Designator=LED4(LED1615)
Added Component: Designator=LED5(LED1615)
Added Component: Designator=LED6(LED0805)
Added Component: Designator=N1(SOT-23-5)
Added Component: Designator=Q1(SOT-23)
Added Component: Designator=R1(R0603)
Added Component: Designator=R2(R0603)
Added Component: Designator=R3(R0603)
Added Component: Designator=R4(R0603)
Added Component: Designator=R5(R0603)
Added Component: Designator=R6(R0603)
Added Component: Designator=R7(R0603)
Added Component: Designator=R8(R0603)
Added Component: Designator=R9(R0603)
Added Component: Designator=R10(R0603)
Added Component: Designator=R11(R0603)
Added Component: Designator=R12(R0603)
Added Component: Designator=R13(R0603)
Added Component: Designator=R14(R0603)
Added Component: Designator=R15(R0603)
Added Component: Designator=R16(R0603)
Added Component: Designator=R17(R0603)
Added Component: Designator=R18(R0603)
Added Component: Designator=R19(R0603)
Added Component: Designator=R20(R0603)
Added Component: Designator=R21(R0603)
Added Component: Designator=R22(R0603)
Added Component: Designator=R23(R0603)
Added Component: Designator=R24(R0603)
Added Component: Designator=R25(R0603)
Added Component: Designator=R26(R0603)
Added Component: Designator=R27(R0603)
Added Component: Designator=R28(R0603)
Added Component: Designator=R29(R0603)
Added Component: Designator=R30(R0603)
Added Component: Designator=R31(R0603)
Added Component: Designator=R32(R0603)
Added Component: Designator=R33(R0603)
Added Component: Designator=R34(R0603)
Added Component: Designator=R35(R0603)
Added Component: Designator=R36(R0603)
Added Component: Designator=R37(R0603)
Added Component: Designator=R38(R0603)
Added Component: Designator=R39(R0603)
Added Component: Designator=R40(R0603)
Added Component: Designator=R41(R0603)
Added Component: Designator=R42(R0603)
Added Component: Designator=R43(R0603)
Added Component: Designator=R44(R0603)
Added Component: Designator=R45(R0603)
Added Component: Designator=R46(R0603)
Added Component: Designator=R47(R0603)
Added Component: Designator=R48(R0603)
Added Component: Designator=R49(R0603)
Added Component: Designator=R50(R0603)
Added Component: Designator=R51(R0603)
Added Component: Designator=TP1(TP)
Added Component: Designator=TP2(TP)
Added Component: Designator=TP3(TP)
Added Component: Designator=TP4(TP)
Added Component: Designator=TP5(TP)
Added Component: Designator=TP6(TP)
Added Component: Designator=U8(SOT-23)
Added Component: Designator=U10(SC70-6)
Added Component: Designator=U12(SOP-14-W)
Added Component: Designator=U13(LQFP-128 - VSS)
Added Component: Designator=U14(SOP-14-W)
Added Component: Designator=U15(SOP-14-W)
Added Component: Designator=U16(SOT-23-5)
Added Component: Designator=U17(QFN-32)
Added Component: Designator=U18(SC70-6)
Added Component: Designator=Y1(JT3225)
Added Pin To Net: NetName=1V0 Pin=C13-1
Added Pin To Net: NetName=1V0 Pin=L2-2
Added Pin To Net: NetName=1V0 Pin=R14-1
Added Pin To Net: NetName=1V0 Pin=R16-1
Added Pin To Net: NetName=1V0 Pin=R17-1
Added Pin To Net: NetName=1V0 Pin=R49-2
Added Pin To Net: NetName=1V0 Pin=U13-11
Added Pin To Net: NetName=1V0 Pin=U13-16
Added Pin To Net: NetName=1V0 Pin=U13-17
Added Pin To Net: NetName=1V0 Pin=U13-24
Added Pin To Net: NetName=1V0 Pin=U13-36
Added Pin To Net: NetName=1V0 Pin=U13-41
Added Pin To Net: NetName=1V0 Pin=U13-49
Added Pin To Net: NetName=1V0 Pin=U13-56
Added Pin To Net: NetName=1V0 Pin=U13-60
Added Pin To Net: NetName=1V0 Pin=U13-73
Added Pin To Net: NetName=1V0 Pin=U13-80
Added Pin To Net: NetName=1V0 Pin=U13-81
Added Pin To Net: NetName=1V0 Pin=U13-87
Added Pin To Net: NetName=1V0 Pin=U13-101
Added Pin To Net: NetName=1V0 Pin=U13-102
Added Pin To Net: NetName=1V0 Pin=U13-120
Added Pin To Net: NetName=1V0 Pin=U13-126
Added Net: Name=1V0
Added Pin To Net: NetName=1V8 Pin=C1-1
Added Pin To Net: NetName=1V8 Pin=C3-1
Added Pin To Net: NetName=1V8 Pin=C4-1
Added Pin To Net: NetName=1V8 Pin=C5-1
Added Pin To Net: NetName=1V8 Pin=C7-1
Added Pin To Net: NetName=1V8 Pin=C8-1
Added Pin To Net: NetName=1V8 Pin=C19-1
Added Pin To Net: NetName=1V8 Pin=J1-11
Added Pin To Net: NetName=1V8 Pin=R20-1
Added Net: Name=1V8
Added Pin To Net: NetName=2V5 Pin=C17-1
Added Pin To Net: NetName=2V5 Pin=N1-5
Added Pin To Net: NetName=2V5 Pin=U17-5
Added Pin To Net: NetName=2V5 Pin=U17-12
Added Pin To Net: NetName=2V5 Pin=U17-27
Added Net: Name=2V5
Added Pin To Net: NetName=3V3 Pin=C2-1
Added Pin To Net: NetName=3V3 Pin=C6-1
Added Pin To Net: NetName=3V3 Pin=C10-1
Added Pin To Net: NetName=3V3 Pin=C11-1
Added Pin To Net: NetName=3V3 Pin=C15-1
Added Pin To Net: NetName=3V3 Pin=C16-1
Added Pin To Net: NetName=3V3 Pin=C18-1
Added Pin To Net: NetName=3V3 Pin=C22-1
Added Pin To Net: NetName=3V3 Pin=C23-1
Added Pin To Net: NetName=3V3 Pin=C24-1
Added Pin To Net: NetName=3V3 Pin=C25-1
Added Pin To Net: NetName=3V3 Pin=C34-1
Added Pin To Net: NetName=3V3 Pin=C35-1
Added Pin To Net: NetName=3V3 Pin=C36-1
Added Pin To Net: NetName=3V3 Pin=C37-1
Added Pin To Net: NetName=3V3 Pin=C38-1
Added Pin To Net: NetName=3V3 Pin=C39-1
Added Pin To Net: NetName=3V3 Pin=C40-1
Added Pin To Net: NetName=3V3 Pin=C41-1
Added Pin To Net: NetName=3V3 Pin=C43-1
Added Pin To Net: NetName=3V3 Pin=C44-1
Added Pin To Net: NetName=3V3 Pin=C45-1
Added Pin To Net: NetName=3V3 Pin=C46-1
Added Pin To Net: NetName=3V3 Pin=C47-1
Added Pin To Net: NetName=3V3 Pin=C48-1
Added Pin To Net: NetName=3V3 Pin=C49-1
Added Pin To Net: NetName=3V3 Pin=C50-1
Added Pin To Net: NetName=3V3 Pin=C51-1
Added Pin To Net: NetName=3V3 Pin=C52-1
Added Pin To Net: NetName=3V3 Pin=C53-1
Added Pin To Net: NetName=3V3 Pin=C54-1
Added Pin To Net: NetName=3V3 Pin=C55-1
Added Pin To Net: NetName=3V3 Pin=C56-1
Added Pin To Net: NetName=3V3 Pin=C57-1
Added Pin To Net: NetName=3V3 Pin=C58-1
Added Pin To Net: NetName=3V3 Pin=C59-1
Added Pin To Net: NetName=3V3 Pin=C60-1
Added Pin To Net: NetName=3V3 Pin=C61-1
Added Pin To Net: NetName=3V3 Pin=C62-1
Added Pin To Net: NetName=3V3 Pin=C63-1
Added Pin To Net: NetName=3V3 Pin=C64-1
Added Pin To Net: NetName=3V3 Pin=C65-1
Added Pin To Net: NetName=3V3 Pin=C66-1
Added Pin To Net: NetName=3V3 Pin=FB1-2
Added Pin To Net: NetName=3V3 Pin=L1-2
Added Pin To Net: NetName=3V3 Pin=LED2-4
Added Pin To Net: NetName=3V3 Pin=LED3-4
Added Pin To Net: NetName=3V3 Pin=LED4-4
Added Pin To Net: NetName=3V3 Pin=LED5-4
Added Pin To Net: NetName=3V3 Pin=LED6-1
Added Pin To Net: NetName=3V3 Pin=N1-1
Added Pin To Net: NetName=3V3 Pin=N1-3
Added Pin To Net: NetName=3V3 Pin=R9-1
Added Pin To Net: NetName=3V3 Pin=R10-1
Added Pin To Net: NetName=3V3 Pin=R11-1
Added Pin To Net: NetName=3V3 Pin=R13-1
Added Pin To Net: NetName=3V3 Pin=R15-1
Added Pin To Net: NetName=3V3 Pin=R27-2
Added Pin To Net: NetName=3V3 Pin=R28-2
Added Pin To Net: NetName=3V3 Pin=R29-2
Added Pin To Net: NetName=3V3 Pin=R30-2
Added Pin To Net: NetName=3V3 Pin=R31-2
Added Pin To Net: NetName=3V3 Pin=R42-2
Added Pin To Net: NetName=3V3 Pin=R43-2
Added Pin To Net: NetName=3V3 Pin=R50-2
Added Pin To Net: NetName=3V3 Pin=R51-2
Added Pin To Net: NetName=3V3 Pin=U8-3
Added Pin To Net: NetName=3V3 Pin=U10-6
Added Pin To Net: NetName=3V3 Pin=U12-14
Added Pin To Net: NetName=3V3 Pin=U13-6
Added Pin To Net: NetName=3V3 Pin=U13-14
Added Pin To Net: NetName=3V3 Pin=U13-19
Added Pin To Net: NetName=3V3 Pin=U13-29
Added Pin To Net: NetName=3V3 Pin=U13-42
Added Pin To Net: NetName=3V3 Pin=U13-44
Added Pin To Net: NetName=3V3 Pin=U13-52
Added Pin To Net: NetName=3V3 Pin=U13-67
Added Pin To Net: NetName=3V3 Pin=U13-78
Added Pin To Net: NetName=3V3 Pin=U13-83
Added Pin To Net: NetName=3V3 Pin=U13-92
Added Pin To Net: NetName=3V3 Pin=U13-105
Added Pin To Net: NetName=3V3 Pin=U13-110
Added Pin To Net: NetName=3V3 Pin=U13-111
Added Pin To Net: NetName=3V3 Pin=U14-14
Added Pin To Net: NetName=3V3 Pin=U15-14
Added Pin To Net: NetName=3V3 Pin=U16-5
Added Pin To Net: NetName=3V3 Pin=U17-26
Added Pin To Net: NetName=3V3 Pin=U18-5
Added Pin To Net: NetName=3V3 Pin=Y1-4
Added Net: Name=3V3
Added Pin To Net: NetName=5V Pin=C9-1
Added Pin To Net: NetName=5V Pin=C12-1
Added Pin To Net: NetName=5V Pin=C33-1
Added Pin To Net: NetName=5V Pin=FB2-2
Added Net: Name=5V
Added Pin To Net: NetName=24M Pin=U13-125
Added Pin To Net: NetName=24M Pin=Y1-3
Added Net: Name=24M
Added Pin To Net: NetName=BUT_A Pin=K1-1
Added Pin To Net: NetName=BUT_A Pin=R30-1
Added Pin To Net: NetName=BUT_A Pin=U13-37
Added Net: Name=BUT_A
Added Pin To Net: NetName=BUT_B Pin=K2-1
Added Pin To Net: NetName=BUT_B Pin=R29-1
Added Pin To Net: NetName=BUT_B Pin=U13-38
Added Net: Name=BUT_B
Added Pin To Net: NetName=BUT_C Pin=K3-1
Added Pin To Net: NetName=BUT_C Pin=R28-1
Added Pin To Net: NetName=BUT_C Pin=U13-39
Added Net: Name=BUT_C
Added Pin To Net: NetName=BUT_D Pin=K4-1
Added Pin To Net: NetName=BUT_D Pin=R27-1
Added Pin To Net: NetName=BUT_D Pin=U13-40
Added Net: Name=BUT_D
Added Pin To Net: NetName=DAC_RST_N Pin=R47-2
Added Pin To Net: NetName=DAC_RST_N Pin=U13-114
Added Pin To Net: NetName=DAC_RST_N Pin=U17-25
Added Net: Name=DAC_RST_N
Added Pin To Net: NetName=GND Pin=C1-2
Added Pin To Net: NetName=GND Pin=C2-2
Added Pin To Net: NetName=GND Pin=C3-2
Added Pin To Net: NetName=GND Pin=C4-2
Added Pin To Net: NetName=GND Pin=C5-2
Added Pin To Net: NetName=GND Pin=C6-2
Added Pin To Net: NetName=GND Pin=C7-2
Added Pin To Net: NetName=GND Pin=C8-2
Added Pin To Net: NetName=GND Pin=C9-2
Added Pin To Net: NetName=GND Pin=C10-2
Added Pin To Net: NetName=GND Pin=C11-2
Added Pin To Net: NetName=GND Pin=C12-2
Added Pin To Net: NetName=GND Pin=C13-2
Added Pin To Net: NetName=GND Pin=C14-2
Added Pin To Net: NetName=GND Pin=C15-2
Added Pin To Net: NetName=GND Pin=C16-2
Added Pin To Net: NetName=GND Pin=C17-2
Added Pin To Net: NetName=GND Pin=C18-2
Added Pin To Net: NetName=GND Pin=C19-2
Added Pin To Net: NetName=GND Pin=C20-2
Added Pin To Net: NetName=GND Pin=C21-2
Added Pin To Net: NetName=GND Pin=C22-2
Added Pin To Net: NetName=GND Pin=C23-2
Added Pin To Net: NetName=GND Pin=C24-2
Added Pin To Net: NetName=GND Pin=C25-2
Added Pin To Net: NetName=GND Pin=C29-2
Added Pin To Net: NetName=GND Pin=C30-2
Added Pin To Net: NetName=GND Pin=C31-2
Added Pin To Net: NetName=GND Pin=C32-2
Added Pin To Net: NetName=GND Pin=C33-2
Added Pin To Net: NetName=GND Pin=C34-2
Added Pin To Net: NetName=GND Pin=C35-2
Added Pin To Net: NetName=GND Pin=C36-2
Added Pin To Net: NetName=GND Pin=C37-2
Added Pin To Net: NetName=GND Pin=C38-2
Added Pin To Net: NetName=GND Pin=C39-2
Added Pin To Net: NetName=GND Pin=C40-2
Added Pin To Net: NetName=GND Pin=C41-2
Added Pin To Net: NetName=GND Pin=C42-2
Added Pin To Net: NetName=GND Pin=C43-2
Added Pin To Net: NetName=GND Pin=C44-2
Added Pin To Net: NetName=GND Pin=C45-2
Added Pin To Net: NetName=GND Pin=C46-2
Added Pin To Net: NetName=GND Pin=C47-2
Added Pin To Net: NetName=GND Pin=C48-2
Added Pin To Net: NetName=GND Pin=C49-2
Added Pin To Net: NetName=GND Pin=C50-2
Added Pin To Net: NetName=GND Pin=C51-2
Added Pin To Net: NetName=GND Pin=C52-2
Added Pin To Net: NetName=GND Pin=C53-2
Added Pin To Net: NetName=GND Pin=C54-2
Added Pin To Net: NetName=GND Pin=C55-2
Added Pin To Net: NetName=GND Pin=C56-2
Added Pin To Net: NetName=GND Pin=C57-2
Added Pin To Net: NetName=GND Pin=C58-2
Added Pin To Net: NetName=GND Pin=C59-2
Added Pin To Net: NetName=GND Pin=C60-2
Added Pin To Net: NetName=GND Pin=C61-2
Added Pin To Net: NetName=GND Pin=C62-2
Added Pin To Net: NetName=GND Pin=C63-2
Added Pin To Net: NetName=GND Pin=C64-2
Added Pin To Net: NetName=GND Pin=C65-2
Added Pin To Net: NetName=GND Pin=C66-2
Added Pin To Net: NetName=GND Pin=D1-4
Added Pin To Net: NetName=GND Pin=J1-12
Added Pin To Net: NetName=GND Pin=J3-5
Added Pin To Net: NetName=GND Pin=J4-4
Added Pin To Net: NetName=GND Pin=J4-8
Added Pin To Net: NetName=GND Pin=J4-12
Added Pin To Net: NetName=GND Pin=J4-16
Added Pin To Net: NetName=GND Pin=J4-20
Added Pin To Net: NetName=GND Pin=J5-5
Added Pin To Net: NetName=GND Pin=K1-2
Added Pin To Net: NetName=GND Pin=K2-2
Added Pin To Net: NetName=GND Pin=K3-2
Added Pin To Net: NetName=GND Pin=K4-2
Added Pin To Net: NetName=GND Pin=N1-2
Added Pin To Net: NetName=GND Pin=Q1-3
Added Pin To Net: NetName=GND Pin=R11-2
Added Pin To Net: NetName=GND Pin=R12-1
Added Pin To Net: NetName=GND Pin=R17-2
Added Pin To Net: NetName=GND Pin=R18-1
Added Pin To Net: NetName=GND Pin=R19-2
Added Pin To Net: NetName=GND Pin=R20-2
Added Pin To Net: NetName=GND Pin=R44-1
Added Pin To Net: NetName=GND Pin=R45-1
Added Pin To Net: NetName=GND Pin=R46-1
Added Pin To Net: NetName=GND Pin=R47-1
Added Pin To Net: NetName=GND Pin=R48-1
Added Pin To Net: NetName=GND Pin=U8-2
Added Pin To Net: NetName=GND Pin=U10-2
Added Pin To Net: NetName=GND Pin=U12-1
Added Pin To Net: NetName=GND Pin=U12-4
Added Pin To Net: NetName=GND Pin=U12-7
Added Pin To Net: NetName=GND Pin=U12-10
Added Pin To Net: NetName=GND Pin=U12-13
Added Pin To Net: NetName=GND Pin=U13-104
Added Pin To Net: NetName=GND Pin=U14-1
Added Pin To Net: NetName=GND Pin=U14-4
Added Pin To Net: NetName=GND Pin=U14-7
Added Pin To Net: NetName=GND Pin=U14-10
Added Pin To Net: NetName=GND Pin=U14-13
Added Pin To Net: NetName=GND Pin=U15-1
Added Pin To Net: NetName=GND Pin=U15-4
Added Pin To Net: NetName=GND Pin=U15-7
Added Pin To Net: NetName=GND Pin=U15-10
Added Pin To Net: NetName=GND Pin=U15-13
Added Pin To Net: NetName=GND Pin=U16-1
Added Pin To Net: NetName=GND Pin=U16-3
Added Pin To Net: NetName=GND Pin=U17-7
Added Pin To Net: NetName=GND Pin=U17-13
Added Pin To Net: NetName=GND Pin=U17-28
Added Pin To Net: NetName=GND Pin=U17-33
Added Pin To Net: NetName=GND Pin=U17-33
Added Pin To Net: NetName=GND Pin=U17-33
Added Pin To Net: NetName=GND Pin=U17-33
Added Pin To Net: NetName=GND Pin=U18-2
Added Pin To Net: NetName=GND Pin=Y1-2
Added Net: Name=GND
Added Pin To Net: NetName=I2C_SCL Pin=R42-1
Added Pin To Net: NetName=I2C_SCL Pin=TP1-1
Added Pin To Net: NetName=I2C_SCL Pin=U13-89
Added Pin To Net: NetName=I2C_SCL Pin=U13-112
Added Pin To Net: NetName=I2C_SCL Pin=U17-3
Added Net: Name=I2C_SCL
Added Pin To Net: NetName=I2C_SDA Pin=R43-1
Added Pin To Net: NetName=I2C_SDA Pin=TP2-1
Added Pin To Net: NetName=I2C_SDA Pin=U13-88
Added Pin To Net: NetName=I2C_SDA Pin=U13-113
Added Pin To Net: NetName=I2C_SDA Pin=U17-2
Added Net: Name=I2C_SDA
Added Pin To Net: NetName=I2S_BCLK Pin=TP3-1
Added Pin To Net: NetName=I2S_BCLK Pin=U13-15
Added Pin To Net: NetName=I2S_BCLK Pin=U17-31
Added Net: Name=I2S_BCLK
Added Pin To Net: NetName=I2S_DAC_DATA Pin=TP6-1
Added Pin To Net: NetName=I2S_DAC_DATA Pin=U13-21
Added Pin To Net: NetName=I2S_DAC_DATA Pin=U17-32
Added Net: Name=I2S_DAC_DATA
Added Pin To Net: NetName=I2S_LRCK Pin=TP4-1
Added Pin To Net: NetName=I2S_LRCK Pin=U13-18
Added Pin To Net: NetName=I2S_LRCK Pin=U17-1
Added Net: Name=I2S_LRCK
Added Pin To Net: NetName=LED0 Pin=U12-2
Added Pin To Net: NetName=LED0 Pin=U13-93
Added Net: Name=LED0
Added Pin To Net: NetName=LED1 Pin=U12-5
Added Pin To Net: NetName=LED1 Pin=U13-94
Added Net: Name=LED1
Added Pin To Net: NetName=LED2 Pin=U12-9
Added Pin To Net: NetName=LED2 Pin=U13-96
Added Net: Name=LED2
Added Pin To Net: NetName=LED3 Pin=U12-12
Added Pin To Net: NetName=LED3 Pin=U13-98
Added Net: Name=LED3
Added Pin To Net: NetName=LED4 Pin=U13-99
Added Pin To Net: NetName=LED4 Pin=U14-2
Added Net: Name=LED4
Added Pin To Net: NetName=LED5 Pin=U13-100
Added Pin To Net: NetName=LED5 Pin=U14-5
Added Net: Name=LED5
Added Pin To Net: NetName=LED6 Pin=U13-95
Added Pin To Net: NetName=LED6 Pin=U14-9
Added Net: Name=LED6
Added Pin To Net: NetName=LED7 Pin=U13-97
Added Pin To Net: NetName=LED7 Pin=U14-12
Added Net: Name=LED7
Added Pin To Net: NetName=LED8 Pin=U13-90
Added Pin To Net: NetName=LED8 Pin=U15-2
Added Net: Name=LED8
Added Pin To Net: NetName=LED9 Pin=U13-91
Added Pin To Net: NetName=LED9 Pin=U15-5
Added Net: Name=LED9
Added Pin To Net: NetName=LED10 Pin=U13-3
Added Pin To Net: NetName=LED10 Pin=U15-9
Added Net: Name=LED10
Added Pin To Net: NetName=LED11 Pin=U13-4
Added Pin To Net: NetName=LED11 Pin=U15-12
Added Net: Name=LED11
Added Pin To Net: NetName=LED12 Pin=U13-5
Added Pin To Net: NetName=LED12 Pin=U16-2
Added Net: Name=LED12
Added Pin To Net: NetName=MCLK_DAC Pin=TP5-1
Added Pin To Net: NetName=MCLK_DAC Pin=U13-20
Added Pin To Net: NetName=MCLK_DAC Pin=U13-63
Added Pin To Net: NetName=MCLK_DAC Pin=U13-115
Added Pin To Net: NetName=MCLK_DAC Pin=U17-30
Added Net: Name=MCLK_DAC
Added Pin To Net: NetName=MIC0_CLK Pin=R1-1
Added Net: Name=MIC0_CLK
Added Net: Name=MIC0_DATA_18
Added Pin To Net: NetName=MIC0_DATA Pin=J1-2
Added Pin To Net: NetName=MIC0_DATA Pin=R3-2
Added Pin To Net: NetName=MIC0_DATA Pin=U13-57
Added Net: Name=MIC0_DATA
Added Pin To Net: NetName=MIC1_CLK Pin=R2-1
Added Net: Name=MIC1_CLK
Added Net: Name=MIC1_DATA_18
Added Pin To Net: NetName=MIC1_DATA Pin=J1-3
Added Pin To Net: NetName=MIC1_DATA Pin=R4-2
Added Pin To Net: NetName=MIC1_DATA Pin=U13-58
Added Net: Name=MIC1_DATA
Added Pin To Net: NetName=MIC2_CLK Pin=R5-1
Added Net: Name=MIC2_CLK
Added Net: Name=MIC2_DATA_18
Added Pin To Net: NetName=MIC2_DATA Pin=J1-4
Added Pin To Net: NetName=MIC2_DATA Pin=R7-2
Added Pin To Net: NetName=MIC2_DATA Pin=U13-68
Added Net: Name=MIC2_DATA
Added Pin To Net: NetName=MIC3_CLK Pin=R6-1
Added Net: Name=MIC3_CLK
Added Net: Name=MIC3_DATA_18
Added Pin To Net: NetName=MIC3_DATA Pin=J1-5
Added Pin To Net: NetName=MIC3_DATA Pin=R8-2
Added Pin To Net: NetName=MIC3_DATA Pin=U13-69
Added Net: Name=MIC3_DATA
Added Pin To Net: NetName=MIC4_DATA Pin=J1-6
Added Pin To Net: NetName=MIC4_DATA Pin=U13-70
Added Net: Name=MIC4_DATA
Added Pin To Net: NetName=MIC5_DATA Pin=J1-7
Added Pin To Net: NetName=MIC5_DATA Pin=U13-71
Added Net: Name=MIC5_DATA
Added Pin To Net: NetName=MIC6_DATA Pin=J1-8
Added Pin To Net: NetName=MIC6_DATA Pin=U13-59
Added Net: Name=MIC6_DATA
Added Pin To Net: NetName=MIC7_DATA Pin=J1-9
Added Pin To Net: NetName=MIC7_DATA Pin=U13-61
Added Net: Name=MIC7_DATA
Added Pin To Net: NetName=MIC_CLK Pin=J1-10
Added Pin To Net: NetName=MIC_CLK Pin=R33-2
Added Net: Name=MIC_CLK
Added Pin To Net: NetName=NetC14_1 Pin=C14-1
Added Pin To Net: NetName=NetC14_1 Pin=U10-5
Added Net: Name=NetC14_1
Added Pin To Net: NetName=NetC20_1 Pin=C20-1
Added Pin To Net: NetName=NetC20_1 Pin=C21-1
Added Pin To Net: NetName=NetC20_1 Pin=FB1-1
Added Pin To Net: NetName=NetC20_1 Pin=J1-1
Added Net: Name=NetC20_1
Added Pin To Net: NetName=NetC26_1 Pin=C26-1
Added Pin To Net: NetName=NetC26_1 Pin=R44-2
Added Net: Name=NetC26_1
Added Pin To Net: NetName=NetC26_2 Pin=C26-2
Added Pin To Net: NetName=NetC26_2 Pin=J3-1
Added Pin To Net: NetName=NetC26_2 Pin=U17-11
Added Net: Name=NetC26_2
Added Pin To Net: NetName=NetC27_1 Pin=C27-1
Added Pin To Net: NetName=NetC27_1 Pin=R45-2
Added Net: Name=NetC27_1
Added Pin To Net: NetName=NetC27_2 Pin=C27-2
Added Pin To Net: NetName=NetC27_2 Pin=J3-3
Added Pin To Net: NetName=NetC27_2 Pin=U17-10
Added Net: Name=NetC27_2
Added Pin To Net: NetName=NetC28_1 Pin=C28-1
Added Pin To Net: NetName=NetC28_1 Pin=U17-6
Added Net: Name=NetC28_1
Added Pin To Net: NetName=NetC28_2 Pin=C28-2
Added Pin To Net: NetName=NetC28_2 Pin=U17-8
Added Net: Name=NetC28_2
Added Pin To Net: NetName=NetC29_1 Pin=C29-1
Added Pin To Net: NetName=NetC29_1 Pin=U17-14
Added Net: Name=NetC29_1
Added Pin To Net: NetName=NetC30_1 Pin=C30-1
Added Pin To Net: NetName=NetC30_1 Pin=U17-15
Added Net: Name=NetC30_1
Added Pin To Net: NetName=NetC31_1 Pin=C31-1
Added Pin To Net: NetName=NetC31_1 Pin=U17-9
Added Net: Name=NetC31_1
Added Pin To Net: NetName=NetC42_1 Pin=C42-1
Added Pin To Net: NetName=NetC42_1 Pin=R49-1
Added Pin To Net: NetName=NetC42_1 Pin=U13-103
Added Net: Name=NetC42_1
Added Pin To Net: NetName=NetL1_1 Pin=L1-1
Added Net: Name=NetL1_1
Added Pin To Net: NetName=NetL2_1 Pin=L2-1
Added Net: Name=NetL2_1
Added Pin To Net: NetName=NetLED1_1 Pin=LED1-1
Added Pin To Net: NetName=NetLED1_1 Pin=R13-2
Added Net: Name=NetLED1_1
Added Pin To Net: NetName=NetLED1_2 Pin=LED1-2
Added Pin To Net: NetName=NetLED1_2 Pin=Q1-1
Added Net: Name=NetLED1_2
Added Pin To Net: NetName=NetLED2_1 Pin=LED2-1
Added Pin To Net: NetName=NetLED2_1 Pin=R21-1
Added Net: Name=NetLED2_1
Added Pin To Net: NetName=NetLED2_2 Pin=LED2-2
Added Pin To Net: NetName=NetLED2_2 Pin=R22-1
Added Net: Name=NetLED2_2
Added Pin To Net: NetName=NetLED2_3 Pin=LED2-3
Added Pin To Net: NetName=NetLED2_3 Pin=R23-1
Added Net: Name=NetLED2_3
Added Pin To Net: NetName=NetLED3_1 Pin=LED3-1
Added Pin To Net: NetName=NetLED3_1 Pin=R24-1
Added Net: Name=NetLED3_1
Added Pin To Net: NetName=NetLED3_2 Pin=LED3-2
Added Pin To Net: NetName=NetLED3_2 Pin=R25-1
Added Net: Name=NetLED3_2
Added Pin To Net: NetName=NetLED3_3 Pin=LED3-3
Added Pin To Net: NetName=NetLED3_3 Pin=R26-1
Added Net: Name=NetLED3_3
Added Pin To Net: NetName=NetLED4_1 Pin=LED4-1
Added Pin To Net: NetName=NetLED4_1 Pin=R32-1
Added Net: Name=NetLED4_1
Added Pin To Net: NetName=NetLED4_2 Pin=LED4-2
Added Pin To Net: NetName=NetLED4_2 Pin=R34-1
Added Net: Name=NetLED4_2
Added Pin To Net: NetName=NetLED4_3 Pin=LED4-3
Added Pin To Net: NetName=NetLED4_3 Pin=R35-1
Added Net: Name=NetLED4_3
Added Pin To Net: NetName=NetLED5_1 Pin=LED5-1
Added Pin To Net: NetName=NetLED5_1 Pin=R38-1
Added Net: Name=NetLED5_1
Added Pin To Net: NetName=NetLED5_2 Pin=LED5-2
Added Pin To Net: NetName=NetLED5_2 Pin=R39-1
Added Net: Name=NetLED5_2
Added Pin To Net: NetName=NetLED5_3 Pin=LED5-3
Added Pin To Net: NetName=NetLED5_3 Pin=R40-1
Added Net: Name=NetLED5_3
Added Pin To Net: NetName=NetLED6_2 Pin=LED6-2
Added Pin To Net: NetName=NetLED6_2 Pin=R41-1
Added Net: Name=NetLED6_2
Added Pin To Net: NetName=NetQ1_2 Pin=Q1-2
Added Pin To Net: NetName=NetQ1_2 Pin=R15-2
Added Pin To Net: NetName=NetQ1_2 Pin=U10-4
Added Pin To Net: NetName=NetQ1_2 Pin=U18-3
Added Net: Name=NetQ1_2
Added Pin To Net: NetName=NetR1_2 Pin=R1-2
Added Net: Name=NetR1_2
Added Pin To Net: NetName=NetR2_2 Pin=R2-2
Added Net: Name=NetR2_2
Added Pin To Net: NetName=NetR3_1 Pin=R3-1
Added Net: Name=NetR3_1
Added Pin To Net: NetName=NetR4_1 Pin=R4-1
Added Net: Name=NetR4_1
Added Pin To Net: NetName=NetR5_2 Pin=R5-2
Added Net: Name=NetR5_2
Added Pin To Net: NetName=NetR6_2 Pin=R6-2
Added Net: Name=NetR6_2
Added Pin To Net: NetName=NetR7_1 Pin=R7-1
Added Net: Name=NetR7_1
Added Pin To Net: NetName=NetR8_1 Pin=R8-1
Added Net: Name=NetR8_1
Added Pin To Net: NetName=NetR10_2 Pin=R10-2
Added Pin To Net: NetName=NetR10_2 Pin=R12-2
Added Net: Name=NetR10_2
Added Pin To Net: NetName=NetR14_2 Pin=R14-2
Added Pin To Net: NetName=NetR14_2 Pin=R19-1
Added Pin To Net: NetName=NetR14_2 Pin=U10-3
Added Net: Name=NetR14_2
Added Pin To Net: NetName=NetR16_2 Pin=R16-2
Added Pin To Net: NetName=NetR16_2 Pin=R18-2
Added Net: Name=NetR16_2
Added Pin To Net: NetName=NetR21_2 Pin=R21-2
Added Pin To Net: NetName=NetR21_2 Pin=U12-3
Added Net: Name=NetR21_2
Added Pin To Net: NetName=NetR22_2 Pin=R22-2
Added Pin To Net: NetName=NetR22_2 Pin=U12-6
Added Net: Name=NetR22_2
Added Pin To Net: NetName=NetR23_2 Pin=R23-2
Added Pin To Net: NetName=NetR23_2 Pin=U12-8
Added Net: Name=NetR23_2
Added Pin To Net: NetName=NetR24_2 Pin=R24-2
Added Pin To Net: NetName=NetR24_2 Pin=U12-11
Added Net: Name=NetR24_2
Added Pin To Net: NetName=NetR25_2 Pin=R25-2
Added Pin To Net: NetName=NetR25_2 Pin=U14-3
Added Net: Name=NetR25_2
Added Pin To Net: NetName=NetR26_2 Pin=R26-2
Added Pin To Net: NetName=NetR26_2 Pin=U14-6
Added Net: Name=NetR26_2
Added Pin To Net: NetName=NetR31_1 Pin=R31-1
Added Pin To Net: NetName=NetR31_1 Pin=U13-27
Added Net: Name=NetR31_1
Added Pin To Net: NetName=NetR32_2 Pin=R32-2
Added Pin To Net: NetName=NetR32_2 Pin=U14-8
Added Net: Name=NetR32_2
Added Pin To Net: NetName=NetR33_1 Pin=R33-1
Added Pin To Net: NetName=NetR33_1 Pin=U13-62
Added Net: Name=NetR33_1
Added Pin To Net: NetName=NetR34_2 Pin=R34-2
Added Pin To Net: NetName=NetR34_2 Pin=U14-11
Added Net: Name=NetR34_2
Added Pin To Net: NetName=NetR35_2 Pin=R35-2
Added Pin To Net: NetName=NetR35_2 Pin=U15-3
Added Net: Name=NetR35_2
Added Pin To Net: NetName=NetR36_2 Pin=R36-2
Added Pin To Net: NetName=NetR36_2 Pin=U13-10
Added Net: Name=NetR36_2
Added Pin To Net: NetName=NetR37_2 Pin=R37-2
Added Pin To Net: NetName=NetR37_2 Pin=U13-12
Added Net: Name=NetR37_2
Added Pin To Net: NetName=NetR38_2 Pin=R38-2
Added Pin To Net: NetName=NetR38_2 Pin=U15-6
Added Net: Name=NetR38_2
Added Pin To Net: NetName=NetR39_2 Pin=R39-2
Added Pin To Net: NetName=NetR39_2 Pin=U15-8
Added Net: Name=NetR39_2
Added Pin To Net: NetName=NetR40_2 Pin=R40-2
Added Pin To Net: NetName=NetR40_2 Pin=U15-11
Added Net: Name=NetR40_2
Added Pin To Net: NetName=NetR41_2 Pin=R41-2
Added Pin To Net: NetName=NetR41_2 Pin=U16-4
Added Net: Name=NetR41_2
Added Pin To Net: NetName=NetR46_2 Pin=R46-2
Added Pin To Net: NetName=NetR46_2 Pin=U17-4
Added Net: Name=NetR46_2
Added Pin To Net: NetName=NetR48_2 Pin=R48-2
Added Pin To Net: NetName=NetR48_2 Pin=U13-48
Added Net: Name=NetR48_2
Added Pin To Net: NetName=PG_3V3 Pin=R9-2
Added Pin To Net: NetName=PG_3V3 Pin=U8-1
Added Pin To Net: NetName=PG_3V3 Pin=U10-1
Added Net: Name=PG_3V3
Added Pin To Net: NetName=RST_N Pin=R50-1
Added Pin To Net: NetName=RST_N Pin=U13-123
Added Pin To Net: NetName=RST_N Pin=U13-124
Added Pin To Net: NetName=RST_N Pin=U18-4
Added Pin To Net: NetName=RST_N Pin=U18-6
Added Net: Name=RST_N
Added Pin To Net: NetName=TCK Pin=J4-9
Added Pin To Net: NetName=TCK Pin=U13-128
Added Net: Name=TCK
Added Pin To Net: NetName=TDI Pin=J4-5
Added Pin To Net: NetName=TDI Pin=U13-2
Added Net: Name=TDI
Added Pin To Net: NetName=TDO Pin=J4-13
Added Pin To Net: NetName=TDO Pin=U13-1
Added Net: Name=TDO
Added Pin To Net: NetName=TMS Pin=J4-7
Added Pin To Net: NetName=TMS Pin=U13-127
Added Net: Name=TMS
Added Pin To Net: NetName=USB_DN Pin=D1-2
Added Pin To Net: NetName=USB_DN Pin=D1-3
Added Pin To Net: NetName=USB_DN Pin=J5-2
Added Pin To Net: NetName=USB_DN Pin=U13-47
Added Net: Name=USB_DN
Added Pin To Net: NetName=USB_DP Pin=D1-5
Added Pin To Net: NetName=USB_DP Pin=J5-3
Added Pin To Net: NetName=USB_DP Pin=U13-46
Added Net: Name=USB_DP
Added Pin To Net: NetName=VBUS Pin=C32-1
Added Pin To Net: NetName=VBUS Pin=D1-1
Added Pin To Net: NetName=VBUS Pin=FB2-1
Added Pin To Net: NetName=VBUS Pin=J5-1
Added Net: Name=VBUS
Added Pin To Net: NetName=X0D00 Pin=U13-30
Added Net: Name=X0D00
Added Pin To Net: NetName=X0D11 Pin=U13-32
Added Net: Name=X0D11
Added Pin To Net: NetName=X0D39 Pin=U13-7
Added Net: Name=X0D39
Added Pin To Net: NetName=XL_UN0 Pin=J4-14
Added Pin To Net: NetName=XL_UN0 Pin=U13-8
Added Net: Name=XL_UN0
Added Pin To Net: NetName=XL_UN1 Pin=J4-18
Added Pin To Net: NetName=XL_UN1 Pin=U13-9
Added Net: Name=XL_UN1
Added Pin To Net: NetName=XL_UP0 Pin=J4-10
Added Pin To Net: NetName=XL_UP0 Pin=R36-1
Added Net: Name=XL_UP0
Added Pin To Net: NetName=XL_UP1 Pin=J4-6
Added Pin To Net: NetName=XL_UP1 Pin=R37-1
Added Net: Name=XL_UP1
Added Pin To Net: NetName=XSYS_RST_N Pin=J4-15
Added Pin To Net: NetName=XSYS_RST_N Pin=R51-1
Added Pin To Net: NetName=XSYS_RST_N Pin=U18-1
Added Net: Name=XSYS_RST_N
Added Class: Name=TopLevel
Added Class: Name=U_Microphones
Added Class: Name=U_Power
Added Class: Name=U_Tile 0
Added Class: Name=U_Tile 1
Added Room: Name=TopLevel
Added Room: Name=U_Microphones
Added Room: Name=U_Power
Added Room: Name=U_Tile 0
Added Room: Name=U_Tile 1
