Added Component: Designator=C20(C0603)
Added Component: Designator=C21(C1206)
Added Component: Designator=FB1(L0603)
Added Component: Designator=J2(FFC/SM0.5-2H12A)
Added Component: Designator=TP1(TP1)
Added Component: Designator=TP2(TP1)
Added Component: Designator=TP3(TP1)
Added Component: Designator=TP4(TP1)
Added Component: Designator=TP5(TP1)
Added Component: Designator=TP6(TP1)
Added Pin To Net: NetName=NetC20_1 Pin=C20-1
Added Pin To Net: NetName=GND Pin=C20-2
Added Pin To Net: NetName=NetC20_1 Pin=C21-1
Added Pin To Net: NetName=GND Pin=C21-2
Added Pin To Net: NetName=NetC20_1 Pin=FB1-1
Added Pin To Net: NetName=3V3 Pin=FB1-2
Added Pin To Net: NetName=I2C_SCL Pin=TP1-1
Added Pin To Net: NetName=I2C_SDA Pin=TP2-1
Added Pin To Net: NetName=I2S_BCLK Pin=TP3-1
Added Pin To Net: NetName=I2S_LRCK Pin=TP4-1
Added Pin To Net: NetName=MCLK_DAC Pin=TP5-1
Added Pin To Net: NetName=I2S_DAC_DATA Pin=TP6-1
Added Member To Class: ClassName=U_Tile 0 Member=Component C20 100n
Added Member To Class: ClassName=U_Tile 0 Member=Component C21 10u
Added Member To Class: ClassName=U_Tile 0 Member=Component FB1 330R 1.2A
Added Member To Class: ClassName=U_Tile 0 Member=Component J2 CON12
Added Member To Class: ClassName=U_Tile 1 Member=Component TP1 TP
Added Member To Class: ClassName=U_Tile 1 Member=Component TP2 TP
Added Member To Class: ClassName=U_Tile 1 Member=Component TP3 TP
Added Member To Class: ClassName=U_Tile 1 Member=Component TP4 TP
Added Member To Class: ClassName=U_Tile 1 Member=Component TP5 TP
Added Member To Class: ClassName=U_Tile 1 Member=Component TP6 TP
Added Room: Name=TopLevel
Added Room: Name=U_Microphones
Added Room: Name=U_Power
Added Room: Name=U_Tile 0
Added Room: Name=U_Tile 1
