Added Component: Designator=U2(DQFN16)
Added Component: Designator=U5(DQFN16)
Added Pin To Net: NetName=1V8 Pin=U2-1
Added Pin To Net: NetName=GND Pin=U2-2
Added Pin To Net: NetName=NetR1_2 Pin=U2-3
Added Pin To Net: NetName=NetR2_2 Pin=U2-4
Added Pin To Net: NetName=MIC0_DATA_18 Pin=U2-5
Added Pin To Net: NetName=MIC1_DATA_18 Pin=U2-6
Added Pin To Net: NetName=1V8 Pin=U2-7
Added Pin To Net: NetName=GND Pin=U2-8
Added Pin To Net: NetName=GND Pin=U2-9
Added Pin To Net: NetName=1V8 Pin=U2-10
Added Pin To Net: NetName=NetR4_1 Pin=U2-11
Added Pin To Net: NetName=NetR3_1 Pin=U2-12
Added Pin To Net: NetName=MIC_CLK Pin=U2-13
Added Pin To Net: NetName=MIC_CLK Pin=U2-14
Added Pin To Net: NetName=GND Pin=U2-15
Added Pin To Net: NetName=3V3 Pin=U2-16
Added Pin To Net: NetName=1V8 Pin=U5-1
Added Pin To Net: NetName=GND Pin=U5-2
Added Pin To Net: NetName=NetR5_2 Pin=U5-3
Added Pin To Net: NetName=NetR6_2 Pin=U5-4
Added Pin To Net: NetName=MIC2_DATA_18 Pin=U5-5
Added Pin To Net: NetName=MIC3_DATA_18 Pin=U5-6
Added Pin To Net: NetName=1V8 Pin=U5-7
Added Pin To Net: NetName=GND Pin=U5-8
Added Pin To Net: NetName=GND Pin=U5-9
Added Pin To Net: NetName=1V8 Pin=U5-10
Added Pin To Net: NetName=NetR8_1 Pin=U5-11
Added Pin To Net: NetName=NetR7_1 Pin=U5-12
Added Pin To Net: NetName=MIC_CLK Pin=U5-13
Added Pin To Net: NetName=MIC_CLK Pin=U5-14
Added Pin To Net: NetName=GND Pin=U5-15
Added Pin To Net: NetName=3V3 Pin=U5-16
Added Member To Class: ClassName=U_Microphones Member=Component U2 FXL4TD245
Added Member To Class: ClassName=U_Microphones Member=Component U5 FXL4TD245
Added Room: Name=TopLevel
Added Room: Name=U_Microphones
Added Room: Name=U_Power
Added Room: Name=U_Tile 0
Added Room: Name=U_Tile 1
